Started GET "/" for 127.0.0.1 at 2022-01-06 19:35:30 -0700
  [1m[35m (1.0ms)[0m  [1m[34mSELECT sqlite_version(*)[0m
Processing by Rails::WelcomeController#index as HTML
  Rendering /home/nick/.rbenv/versions/3.0.3/lib/ruby/gems/3.0.0/gems/railties-7.0.1/lib/rails/templates/rails/welcome/index.html.erb
  Rendered /home/nick/.rbenv/versions/3.0.3/lib/ruby/gems/3.0.0/gems/railties-7.0.1/lib/rails/templates/rails/welcome/index.html.erb (Duration: 1.1ms | Allocations: 818)
Completed 200 OK in 10ms (Views: 4.0ms | ActiveRecord: 0.0ms | Allocations: 7583)


Started GET "/" for 127.0.0.1 at 2022-01-06 19:47:37 -0700
  
AbstractController::ActionNotFound (The action 'index' could not be found for IndexController):
  
actionpack (7.0.1) lib/abstract_controller/base.rb:146:in `process'
actionview (7.0.1) lib/action_view/rendering.rb:39:in `process'
actionpack (7.0.1) lib/action_controller/metal.rb:188:in `dispatch'
actionpack (7.0.1) lib/action_controller/metal.rb:251:in `dispatch'
actionpack (7.0.1) lib/action_dispatch/routing/route_set.rb:49:in `dispatch'
actionpack (7.0.1) lib/action_dispatch/routing/route_set.rb:32:in `serve'
actionpack (7.0.1) lib/action_dispatch/journey/router.rb:50:in `block in serve'
actionpack (7.0.1) lib/action_dispatch/journey/router.rb:32:in `each'
actionpack (7.0.1) lib/action_dispatch/journey/router.rb:32:in `serve'
actionpack (7.0.1) lib/action_dispatch/routing/route_set.rb:850:in `call'
rack (2.2.3) lib/rack/tempfile_reaper.rb:15:in `call'
rack (2.2.3) lib/rack/etag.rb:27:in `call'
rack (2.2.3) lib/rack/conditional_get.rb:27:in `call'
rack (2.2.3) lib/rack/head.rb:12:in `call'
actionpack (7.0.1) lib/action_dispatch/http/permissions_policy.rb:22:in `call'
actionpack (7.0.1) lib/action_dispatch/http/content_security_policy.rb:18:in `call'
rack (2.2.3) lib/rack/session/abstract/id.rb:266:in `context'
rack (2.2.3) lib/rack/session/abstract/id.rb:260:in `call'
actionpack (7.0.1) lib/action_dispatch/middleware/cookies.rb:693:in `call'
activerecord (7.0.1) lib/active_record/migration.rb:603:in `call'
actionpack (7.0.1) lib/action_dispatch/middleware/callbacks.rb:27:in `block in call'
activesupport (7.0.1) lib/active_support/callbacks.rb:99:in `run_callbacks'
actionpack (7.0.1) lib/action_dispatch/middleware/callbacks.rb:26:in `call'
actionpack (7.0.1) lib/action_dispatch/middleware/executor.rb:14:in `call'
actionpack (7.0.1) lib/action_dispatch/middleware/actionable_exceptions.rb:17:in `call'
actionpack (7.0.1) lib/action_dispatch/middleware/debug_exceptions.rb:28:in `call'
web-console (4.2.0) lib/web_console/middleware.rb:132:in `call_app'
web-console (4.2.0) lib/web_console/middleware.rb:28:in `block in call'
web-console (4.2.0) lib/web_console/middleware.rb:17:in `catch'
web-console (4.2.0) lib/web_console/middleware.rb:17:in `call'
actionpack (7.0.1) lib/action_dispatch/middleware/show_exceptions.rb:26:in `call'
railties (7.0.1) lib/rails/rack/logger.rb:36:in `call_app'
railties (7.0.1) lib/rails/rack/logger.rb:25:in `block in call'
activesupport (7.0.1) lib/active_support/tagged_logging.rb:99:in `block in tagged'
activesupport (7.0.1) lib/active_support/tagged_logging.rb:37:in `tagged'
activesupport (7.0.1) lib/active_support/tagged_logging.rb:99:in `tagged'
railties (7.0.1) lib/rails/rack/logger.rb:25:in `call'
sprockets-rails (3.4.2) lib/sprockets/rails/quiet_assets.rb:13:in `call'
actionpack (7.0.1) lib/action_dispatch/middleware/remote_ip.rb:93:in `call'
actionpack (7.0.1) lib/action_dispatch/middleware/request_id.rb:26:in `call'
rack (2.2.3) lib/rack/method_override.rb:24:in `call'
rack (2.2.3) lib/rack/runtime.rb:22:in `call'
activesupport (7.0.1) lib/active_support/cache/strategy/local_cache_middleware.rb:29:in `call'
actionpack (7.0.1) lib/action_dispatch/middleware/server_timing.rb:20:in `call'
actionpack (7.0.1) lib/action_dispatch/middleware/executor.rb:14:in `call'
actionpack (7.0.1) lib/action_dispatch/middleware/static.rb:23:in `call'
rack (2.2.3) lib/rack/sendfile.rb:110:in `call'
actionpack (7.0.1) lib/action_dispatch/middleware/host_authorization.rb:137:in `call'
railties (7.0.1) lib/rails/engine.rb:530:in `call'
puma (5.5.2) lib/puma/configuration.rb:249:in `call'
puma (5.5.2) lib/puma/request.rb:77:in `block in handle_request'
puma (5.5.2) lib/puma/thread_pool.rb:340:in `with_force_shutdown'
puma (5.5.2) lib/puma/request.rb:76:in `handle_request'
puma (5.5.2) lib/puma/server.rb:447:in `process_client'
puma (5.5.2) lib/puma/thread_pool.rb:147:in `block in spawn_thread'
Started GET "/" for 127.0.0.1 at 2022-01-06 19:48:00 -0700
  
SyntaxError (/home/nick/development/recipes/recipes/app/controllers/index_controller.rb:2: syntax error, unexpected ':', expecting ';' or '\n'
    def index:
             ^
):
  
app/controllers/index_controller.rb:2: syntax error, unexpected ':', expecting ';' or '\n'
app/controllers/index_controller.rb:2: syntax error, unexpected ':', expecting ';' or '\n'
app/controllers/index_controller.rb:2: syntax error, unexpected ':', expecting ';' or '\n'
Started GET "/" for 127.0.0.1 at 2022-01-06 19:48:05 -0700
Processing by IndexController#index as HTML
Completed 406 Not Acceptable in 1ms (Allocations: 723)


  
ActionController::MissingExactTemplate (IndexController#index is missing a template for request formats: text/html):
  
actionpack (7.0.1) lib/action_controller/metal/implicit_render.rb:45:in `default_render'
actionpack (7.0.1) lib/action_controller/metal/basic_implicit_render.rb:6:in `block in send_action'
<internal:kernel>:90:in `tap'
actionpack (7.0.1) lib/action_controller/metal/basic_implicit_render.rb:6:in `send_action'
actionpack (7.0.1) lib/abstract_controller/base.rb:214:in `process_action'
actionpack (7.0.1) lib/action_controller/metal/rendering.rb:53:in `process_action'
actionpack (7.0.1) lib/abstract_controller/callbacks.rb:234:in `block in process_action'
activesupport (7.0.1) lib/active_support/callbacks.rb:118:in `block in run_callbacks'
actiontext (7.0.1) lib/action_text/rendering.rb:20:in `with_renderer'
actiontext (7.0.1) lib/action_text/engine.rb:69:in `block (4 levels) in <class:Engine>'
activesupport (7.0.1) lib/active_support/callbacks.rb:127:in `instance_exec'
activesupport (7.0.1) lib/active_support/callbacks.rb:127:in `block in run_callbacks'
activesupport (7.0.1) lib/active_support/callbacks.rb:138:in `run_callbacks'
actionpack (7.0.1) lib/abstract_controller/callbacks.rb:233:in `process_action'
actionpack (7.0.1) lib/action_controller/metal/rescue.rb:22:in `process_action'
actionpack (7.0.1) lib/action_controller/metal/instrumentation.rb:67:in `block in process_action'
activesupport (7.0.1) lib/active_support/notifications.rb:206:in `block in instrument'
activesupport (7.0.1) lib/active_support/notifications/instrumenter.rb:24:in `instrument'
activesupport (7.0.1) lib/active_support/notifications.rb:206:in `instrument'
actionpack (7.0.1) lib/action_controller/metal/instrumentation.rb:66:in `process_action'
actionpack (7.0.1) lib/action_controller/metal/params_wrapper.rb:259:in `process_action'
activerecord (7.0.1) lib/active_record/railties/controller_runtime.rb:27:in `process_action'
actionpack (7.0.1) lib/abstract_controller/base.rb:151:in `process'
actionview (7.0.1) lib/action_view/rendering.rb:39:in `process'
actionpack (7.0.1) lib/action_controller/metal.rb:188:in `dispatch'
actionpack (7.0.1) lib/action_controller/metal.rb:251:in `dispatch'
actionpack (7.0.1) lib/action_dispatch/routing/route_set.rb:49:in `dispatch'
actionpack (7.0.1) lib/action_dispatch/routing/route_set.rb:32:in `serve'
actionpack (7.0.1) lib/action_dispatch/journey/router.rb:50:in `block in serve'
actionpack (7.0.1) lib/action_dispatch/journey/router.rb:32:in `each'
actionpack (7.0.1) lib/action_dispatch/journey/router.rb:32:in `serve'
actionpack (7.0.1) lib/action_dispatch/routing/route_set.rb:850:in `call'
rack (2.2.3) lib/rack/tempfile_reaper.rb:15:in `call'
rack (2.2.3) lib/rack/etag.rb:27:in `call'
rack (2.2.3) lib/rack/conditional_get.rb:27:in `call'
rack (2.2.3) lib/rack/head.rb:12:in `call'
actionpack (7.0.1) lib/action_dispatch/http/permissions_policy.rb:22:in `call'
actionpack (7.0.1) lib/action_dispatch/http/content_security_policy.rb:18:in `call'
rack (2.2.3) lib/rack/session/abstract/id.rb:266:in `context'
rack (2.2.3) lib/rack/session/abstract/id.rb:260:in `call'
actionpack (7.0.1) lib/action_dispatch/middleware/cookies.rb:693:in `call'
activerecord (7.0.1) lib/active_record/migration.rb:603:in `call'
actionpack (7.0.1) lib/action_dispatch/middleware/callbacks.rb:27:in `block in call'
activesupport (7.0.1) lib/active_support/callbacks.rb:99:in `run_callbacks'
actionpack (7.0.1) lib/action_dispatch/middleware/callbacks.rb:26:in `call'
actionpack (7.0.1) lib/action_dispatch/middleware/executor.rb:14:in `call'
actionpack (7.0.1) lib/action_dispatch/middleware/actionable_exceptions.rb:17:in `call'
actionpack (7.0.1) lib/action_dispatch/middleware/debug_exceptions.rb:28:in `call'
web-console (4.2.0) lib/web_console/middleware.rb:132:in `call_app'
web-console (4.2.0) lib/web_console/middleware.rb:28:in `block in call'
web-console (4.2.0) lib/web_console/middleware.rb:17:in `catch'
web-console (4.2.0) lib/web_console/middleware.rb:17:in `call'
actionpack (7.0.1) lib/action_dispatch/middleware/show_exceptions.rb:26:in `call'
railties (7.0.1) lib/rails/rack/logger.rb:36:in `call_app'
railties (7.0.1) lib/rails/rack/logger.rb:25:in `block in call'
activesupport (7.0.1) lib/active_support/tagged_logging.rb:99:in `block in tagged'
activesupport (7.0.1) lib/active_support/tagged_logging.rb:37:in `tagged'
activesupport (7.0.1) lib/active_support/tagged_logging.rb:99:in `tagged'
railties (7.0.1) lib/rails/rack/logger.rb:25:in `call'
sprockets-rails (3.4.2) lib/sprockets/rails/quiet_assets.rb:13:in `call'
actionpack (7.0.1) lib/action_dispatch/middleware/remote_ip.rb:93:in `call'
actionpack (7.0.1) lib/action_dispatch/middleware/request_id.rb:26:in `call'
rack (2.2.3) lib/rack/method_override.rb:24:in `call'
rack (2.2.3) lib/rack/runtime.rb:22:in `call'
activesupport (7.0.1) lib/active_support/cache/strategy/local_cache_middleware.rb:29:in `call'
actionpack (7.0.1) lib/action_dispatch/middleware/server_timing.rb:20:in `call'
actionpack (7.0.1) lib/action_dispatch/middleware/executor.rb:14:in `call'
actionpack (7.0.1) lib/action_dispatch/middleware/static.rb:23:in `call'
rack (2.2.3) lib/rack/sendfile.rb:110:in `call'
actionpack (7.0.1) lib/action_dispatch/middleware/host_authorization.rb:137:in `call'
railties (7.0.1) lib/rails/engine.rb:530:in `call'
puma (5.5.2) lib/puma/configuration.rb:249:in `call'
puma (5.5.2) lib/puma/request.rb:77:in `block in handle_request'
puma (5.5.2) lib/puma/thread_pool.rb:340:in `with_force_shutdown'
puma (5.5.2) lib/puma/request.rb:76:in `handle_request'
puma (5.5.2) lib/puma/server.rb:447:in `process_client'
puma (5.5.2) lib/puma/thread_pool.rb:147:in `block in spawn_thread'
Started GET "/" for 127.0.0.1 at 2022-01-06 19:48:28 -0700
  
AbstractController::ActionNotFound (The action 'index' could not be found for IndexController):
  
actionpack (7.0.1) lib/abstract_controller/base.rb:146:in `process'
actionview (7.0.1) lib/action_view/rendering.rb:39:in `process'
actionpack (7.0.1) lib/action_controller/metal.rb:188:in `dispatch'
actionpack (7.0.1) lib/action_controller/metal.rb:251:in `dispatch'
actionpack (7.0.1) lib/action_dispatch/routing/route_set.rb:49:in `dispatch'
actionpack (7.0.1) lib/action_dispatch/routing/route_set.rb:32:in `serve'
actionpack (7.0.1) lib/action_dispatch/journey/router.rb:50:in `block in serve'
actionpack (7.0.1) lib/action_dispatch/journey/router.rb:32:in `each'
actionpack (7.0.1) lib/action_dispatch/journey/router.rb:32:in `serve'
actionpack (7.0.1) lib/action_dispatch/routing/route_set.rb:850:in `call'
rack (2.2.3) lib/rack/tempfile_reaper.rb:15:in `call'
rack (2.2.3) lib/rack/etag.rb:27:in `call'
rack (2.2.3) lib/rack/conditional_get.rb:27:in `call'
rack (2.2.3) lib/rack/head.rb:12:in `call'
actionpack (7.0.1) lib/action_dispatch/http/permissions_policy.rb:22:in `call'
actionpack (7.0.1) lib/action_dispatch/http/content_security_policy.rb:18:in `call'
rack (2.2.3) lib/rack/session/abstract/id.rb:266:in `context'
rack (2.2.3) lib/rack/session/abstract/id.rb:260:in `call'
actionpack (7.0.1) lib/action_dispatch/middleware/cookies.rb:693:in `call'
activerecord (7.0.1) lib/active_record/migration.rb:603:in `call'
actionpack (7.0.1) lib/action_dispatch/middleware/callbacks.rb:27:in `block in call'
activesupport (7.0.1) lib/active_support/callbacks.rb:99:in `run_callbacks'
actionpack (7.0.1) lib/action_dispatch/middleware/callbacks.rb:26:in `call'
actionpack (7.0.1) lib/action_dispatch/middleware/executor.rb:14:in `call'
actionpack (7.0.1) lib/action_dispatch/middleware/actionable_exceptions.rb:17:in `call'
actionpack (7.0.1) lib/action_dispatch/middleware/debug_exceptions.rb:28:in `call'
web-console (4.2.0) lib/web_console/middleware.rb:132:in `call_app'
web-console (4.2.0) lib/web_console/middleware.rb:28:in `block in call'
web-console (4.2.0) lib/web_console/middleware.rb:17:in `catch'
web-console (4.2.0) lib/web_console/middleware.rb:17:in `call'
actionpack (7.0.1) lib/action_dispatch/middleware/show_exceptions.rb:26:in `call'
railties (7.0.1) lib/rails/rack/logger.rb:36:in `call_app'
railties (7.0.1) lib/rails/rack/logger.rb:25:in `block in call'
activesupport (7.0.1) lib/active_support/tagged_logging.rb:99:in `block in tagged'
activesupport (7.0.1) lib/active_support/tagged_logging.rb:37:in `tagged'
activesupport (7.0.1) lib/active_support/tagged_logging.rb:99:in `tagged'
railties (7.0.1) lib/rails/rack/logger.rb:25:in `call'
sprockets-rails (3.4.2) lib/sprockets/rails/quiet_assets.rb:13:in `call'
actionpack (7.0.1) lib/action_dispatch/middleware/remote_ip.rb:93:in `call'
actionpack (7.0.1) lib/action_dispatch/middleware/request_id.rb:26:in `call'
rack (2.2.3) lib/rack/method_override.rb:24:in `call'
rack (2.2.3) lib/rack/runtime.rb:22:in `call'
activesupport (7.0.1) lib/active_support/cache/strategy/local_cache_middleware.rb:29:in `call'
actionpack (7.0.1) lib/action_dispatch/middleware/server_timing.rb:20:in `call'
actionpack (7.0.1) lib/action_dispatch/middleware/executor.rb:14:in `call'
actionpack (7.0.1) lib/action_dispatch/middleware/static.rb:23:in `call'
rack (2.2.3) lib/rack/sendfile.rb:110:in `call'
actionpack (7.0.1) lib/action_dispatch/middleware/host_authorization.rb:137:in `call'
railties (7.0.1) lib/rails/engine.rb:530:in `call'
puma (5.5.2) lib/puma/configuration.rb:249:in `call'
puma (5.5.2) lib/puma/request.rb:77:in `block in handle_request'
puma (5.5.2) lib/puma/thread_pool.rb:340:in `with_force_shutdown'
puma (5.5.2) lib/puma/request.rb:76:in `handle_request'
puma (5.5.2) lib/puma/server.rb:447:in `process_client'
puma (5.5.2) lib/puma/thread_pool.rb:147:in `block in spawn_thread'
Started GET "/" for 127.0.0.1 at 2022-01-06 19:48:34 -0700
Processing by IndexController#main as HTML
  Rendering layout layouts/application.html.erb
  Rendering index/main.html.erb within layouts/application
  Rendered index/main.html.erb within layouts/application (Duration: 0.5ms | Allocations: 143)
  Rendered layout layouts/application.html.erb (Duration: 299.6ms | Allocations: 94921)
Completed 200 OK in 302ms (Views: 301.2ms | Allocations: 96077)


Started GET "/" for 127.0.0.1 at 2022-01-06 19:49:23 -0700
Processing by IndexController#main as HTML
  Rendering layout layouts/application.html.erb
  Rendering index/main.html.erb within layouts/application
  Rendered index/main.html.erb within layouts/application (Duration: 1.1ms | Allocations: 1018)
  Rendered layout layouts/application.html.erb (Duration: 3.1ms | Allocations: 2859)
Completed 200 OK in 5ms (Views: 4.1ms | Allocations: 3982)


Started GET "/" for 127.0.0.1 at 2022-01-06 19:49:29 -0700
Processing by IndexController#main as */*
  Rendering layout layouts/application.html.erb
  Rendering index/main.html.erb within layouts/application
  Rendered index/main.html.erb within layouts/application (Duration: 1.0ms | Allocations: 723)
  Rendered layout layouts/application.html.erb (Duration: 3.3ms | Allocations: 2170)
Completed 200 OK in 4ms (Views: 4.0ms | Allocations: 2578)


Started GET "/" for 127.0.0.1 at 2022-01-06 19:49:54 -0700
Processing by IndexController#main as HTML
  Rendering layout layouts/application.html.erb
  Rendering index/main.html.erb within layouts/application
  Rendered index/main.html.erb within layouts/application (Duration: 170.5ms | Allocations: 23873)
  Rendered layout layouts/application.html.erb (Duration: 172.7ms | Allocations: 25409)
Completed 200 OK in 173ms (Views: 173.1ms | Allocations: 25709)


Started GET "/" for 127.0.0.1 at 2022-01-06 19:50:34 -0700
Processing by IndexController#main as HTML
  Rendering layout layouts/application.html.erb
  Rendering index/main.html.erb within layouts/application
  Rendered index/main.html.erb within layouts/application (Duration: 0.3ms | Allocations: 143)
  Rendered layout layouts/application.html.erb (Duration: 2.6ms | Allocations: 2466)
Completed 200 OK in 4ms (Views: 3.9ms | Allocations: 3573)


Started GET "/" for 127.0.0.1 at 2022-01-06 19:50:39 -0700
Processing by IndexController#main as HTML
  Rendering layout layouts/application.html.erb
  Rendering index/main.html.erb within layouts/application
  Rendered index/main.html.erb within layouts/application (Duration: 0.1ms | Allocations: 15)
  Rendered layout layouts/application.html.erb (Duration: 1.8ms | Allocations: 1873)
Completed 200 OK in 2ms (Views: 2.2ms | Allocations: 2189)


Started GET "/shutup" for 127.0.0.1 at 2022-01-06 19:51:14 -0700
Processing by IndexController#main as HTML
  Parameters: {"path"=>"shutup"}
  Rendering layout layouts/application.html.erb
  Rendering index/main.html.erb within layouts/application
  Rendered index/main.html.erb within layouts/application (Duration: 0.0ms | Allocations: 23)
  Rendered layout layouts/application.html.erb (Duration: 4.9ms | Allocations: 2128)
Completed 200 OK in 6ms (Views: 5.9ms | Allocations: 2990)


Started GET "/shutup" for 127.0.0.1 at 2022-01-06 20:56:05 -0700
  [1m[35m (0.4ms)[0m  [1m[34mSELECT sqlite_version(*)[0m
Processing by IndexController#main as HTML
  Parameters: {"path"=>"shutup"}
  Rendering layout layouts/application.html.erb
  Rendering index/main.html.erb within layouts/application
  Rendered index/main.html.erb within layouts/application (Duration: 0.5ms | Allocations: 450)
  Rendered layout layouts/application.html.erb (Duration: 134.8ms | Allocations: 29619)
Completed 200 OK in 140ms (Views: 136.6ms | ActiveRecord: 0.0ms | Allocations: 35387)


Started GET "/shutup" for 127.0.0.1 at 2022-01-06 20:58:08 -0700
Processing by IndexController#main as HTML
  Parameters: {"path"=>"shutup"}
  Rendering layout layouts/application.html.erb
  Rendering index/main.html.erb within layouts/application
  Rendered index/main.html.erb within layouts/application (Duration: 0.1ms | Allocations: 17)
  Rendered layout layouts/application.html.erb (Duration: 198.8ms | Allocations: 25843)
Completed 200 OK in 200ms (Views: 199.3ms | ActiveRecord: 0.0ms | Allocations: 26211)


Started GET "/shutup" for 127.0.0.1 at 2022-01-06 21:02:10 -0700
Processing by IndexController#main as HTML
  Parameters: {"path"=>"shutup"}
  Rendering layout layouts/application.html.erb
  Rendering index/main.html.erb within layouts/application
  Rendered index/main.html.erb within layouts/application (Duration: 0.1ms | Allocations: 15)
  Rendered layout layouts/application.html.erb (Duration: 196.3ms | Allocations: 25648)
Completed 200 OK in 197ms (Views: 196.8ms | Allocations: 25952)


Started GET "/shutup" for 127.0.0.1 at 2022-01-06 21:02:13 -0700
Processing by IndexController#main as HTML
  Parameters: {"path"=>"shutup"}
  Rendering layout layouts/application.html.erb
  Rendering index/main.html.erb within layouts/application
  Rendered index/main.html.erb within layouts/application (Duration: 0.0ms | Allocations: 15)
  Rendered layout layouts/application.html.erb (Duration: 2.2ms | Allocations: 1895)
Completed 200 OK in 3ms (Views: 2.6ms | Allocations: 2195)


Started GET "/shutup" for 127.0.0.1 at 2022-01-06 21:09:04 -0700
Processing by IndexController#main as HTML
  Parameters: {"path"=>"shutup"}
  Rendering layout layouts/application.html.erb
  Rendering index/main.html.erb within layouts/application
  Rendered index/main.html.erb within layouts/application (Duration: 0.1ms | Allocations: 15)
  Rendered layout layouts/application.html.erb (Duration: 171.1ms | Allocations: 24982)
Completed 200 OK in 172ms (Views: 171.9ms | Allocations: 25282)


Started GET "/shutup" for 127.0.0.1 at 2022-01-06 21:09:16 -0700
Processing by IndexController#main as HTML
  Parameters: {"path"=>"shutup"}
  Rendering layout layouts/application.html.erb
  Rendering index/main.html.erb within layouts/application
  Rendered index/main.html.erb within layouts/application (Duration: 0.0ms | Allocations: 15)
  Rendered layout layouts/application.html.erb (Duration: 184.7ms | Allocations: 24990)
Completed 200 OK in 185ms (Views: 185.1ms | Allocations: 25294)


Started GET "/shutup" for 127.0.0.1 at 2022-01-06 21:09:29 -0700
Processing by IndexController#main as HTML
  Parameters: {"path"=>"shutup"}
  Rendering layout layouts/application.html.erb
  Rendering index/main.html.erb within layouts/application
  Rendered index/main.html.erb within layouts/application (Duration: 0.0ms | Allocations: 15)
  Rendered layout layouts/application.html.erb (Duration: 163.3ms | Allocations: 24994)
Completed 200 OK in 164ms (Views: 163.9ms | Allocations: 25298)


Started GET "/shutup" for 127.0.0.1 at 2022-01-06 21:09:51 -0700
Processing by IndexController#main as HTML
  Parameters: {"path"=>"shutup"}
  Rendering layout layouts/application.html.erb
  Rendering index/main.html.erb within layouts/application
  Rendered index/main.html.erb within layouts/application (Duration: 0.4ms | Allocations: 148)
  Rendered layout layouts/application.html.erb (Duration: 163.1ms | Allocations: 26270)
Completed 200 OK in 165ms (Views: 164.2ms | Allocations: 27403)


Started GET "/shutup" for 127.0.0.1 at 2022-01-06 21:29:00 -0700
Processing by IndexController#main as HTML
  Parameters: {"path"=>"shutup"}
  Rendering layout layouts/application.html.erb
  Rendering index/main.html.erb within layouts/application
  Rendered index/main.html.erb within layouts/application (Duration: 0.0ms | Allocations: 15)
  Rendered layout layouts/application.html.erb (Duration: 163.5ms | Allocations: 25568)
Completed 200 OK in 164ms (Views: 163.9ms | Allocations: 25884)


Started GET "/" for 127.0.0.1 at 2022-01-07 08:55:44 -0700
  [1m[35m (1.5ms)[0m  [1m[34mSELECT sqlite_version(*)[0m
Processing by IndexController#main as HTML
  Rendering layout layouts/application.html.erb
  Rendering index/main.html.erb within layouts/application
  Rendered index/main.html.erb within layouts/application (Duration: 1.2ms | Allocations: 447)
  Rendered layout layouts/application.html.erb (Duration: 100.2ms | Allocations: 31215)
Completed 200 OK in 110ms (Views: 104.0ms | ActiveRecord: 0.0ms | Allocations: 36984)


Started GET "/" for 127.0.0.1 at 2022-01-07 08:59:26 -0700
  [1m[35m (0.4ms)[0m  [1m[34mSELECT sqlite_version(*)[0m
Processing by IndexController#main as HTML
  Rendering layout layouts/application.html.erb
  Rendering index/main.html.erb within layouts/application
  Rendered index/main.html.erb within layouts/application (Duration: 0.6ms | Allocations: 447)
  Rendered layout layouts/application.html.erb (Duration: 84.3ms | Allocations: 30630)
Completed 200 OK in 92ms (Views: 86.3ms | ActiveRecord: 0.0ms | Allocations: 36399)


